2025-07-14 16:43:07 INFO  o.s.o.j.LocalContainerEntityManagerFactoryBean - Closing JPA EntityManagerFactory for persistence unit 'default'
2025-07-14 16:43:07 INFO  com.zaxxer.hikari.HikariDataSource - HikariPool-1 - Shutdown initiated...
2025-07-14 16:43:07 INFO  com.zaxxer.hikari.HikariDataSource - HikariPool-1 - Shutdown completed.
2025-07-14 16:43:10 INFO  c.e.l.app.LoggingPracticeApplication - Starting LoggingPracticeApplication using Java 21.0.6 with PID 28387 (/home/amirhosein/Projects/doro/logging_practice/target/classes started by amirhosein in /home/amirhosein/Projects/doro/logging_practice)
2025-07-14 16:43:10 INFO  c.e.l.app.LoggingPracticeApplication - No active profile set, falling back to 1 default profile: "default"
2025-07-14 16:43:10 INFO  o.s.d.r.c.RepositoryConfigurationDelegate - Bootstrapping Spring Data JPA repositories in DEFAULT mode.
2025-07-14 16:43:10 INFO  o.s.d.r.c.RepositoryConfigurationDelegate - Finished Spring Data repository scanning in 8 ms. Found 0 JPA repository interfaces.
2025-07-14 16:43:11 INFO  o.s.b.w.e.tomcat.TomcatWebServer - Tomcat initialized with port 8080 (http)
2025-07-14 16:43:11 INFO  o.a.coyote.http11.Http11NioProtocol - Initializing ProtocolHandler ["http-nio-8080"]
2025-07-14 16:43:11 INFO  o.a.catalina.core.StandardService - Starting service [Tomcat]
2025-07-14 16:43:11 INFO  o.a.catalina.core.StandardEngine - Starting Servlet engine: [Apache Tomcat/10.1.20]
2025-07-14 16:43:11 INFO  o.a.c.c.C.[Tomcat].[localhost].[/] - Initializing Spring embedded WebApplicationContext
2025-07-14 16:43:11 INFO  o.s.b.w.s.c.ServletWebServerApplicationContext - Root WebApplicationContext: initialization completed in 858 ms
2025-07-14 16:43:11 INFO  com.zaxxer.hikari.HikariDataSource - HikariPool-1 - Starting...
2025-07-14 16:43:11 INFO  com.zaxxer.hikari.pool.HikariPool - HikariPool-1 - Added connection conn0: url=jdbc:h2:mem:logdb user=SA
2025-07-14 16:43:11 INFO  com.zaxxer.hikari.HikariDataSource - HikariPool-1 - Start completed.
2025-07-14 16:43:11 INFO  o.s.b.a.h.H2ConsoleAutoConfiguration - H2 console available at '/h2-console'. Database available at 'jdbc:h2:mem:logdb'
2025-07-14 16:43:11 INFO  o.h.jpa.internal.util.LogHelper - HHH000204: Processing PersistenceUnitInfo [name: default]
2025-07-14 16:43:11 INFO  org.hibernate.Version - HHH000412: Hibernate ORM core version 6.4.4.Final
2025-07-14 16:43:11 INFO  o.h.c.i.RegionFactoryInitiator - HHH000026: Second-level cache disabled
2025-07-14 16:43:11 INFO  o.s.o.j.p.SpringPersistenceUnitInfo - No LoadTimeWeaver setup: ignoring JPA class transformer
2025-07-14 16:43:12 INFO  o.h.e.t.j.p.i.JtaPlatformInitiator - HHH000489: No JTA platform available (set 'hibernate.transaction.jta.platform' to enable JTA platform integration)
2025-07-14 16:43:12 INFO  o.s.o.j.LocalContainerEntityManagerFactoryBean - Initialized JPA EntityManagerFactory for persistence unit 'default'
2025-07-14 16:43:12 INFO  o.a.coyote.http11.Http11NioProtocol - Starting ProtocolHandler ["http-nio-8080"]
2025-07-14 16:43:12 INFO  o.s.b.w.e.tomcat.TomcatWebServer - Tomcat started on port 8080 (http) with context path ''
2025-07-14 16:43:12 INFO  c.e.l.app.LoggingPracticeApplication - Started LoggingPracticeApplication in 2.599 seconds (process running for 3.222)
2025-07-14 16:43:18 INFO  o.a.c.c.C.[Tomcat].[localhost].[/] - Initializing Spring DispatcherServlet 'dispatcherServlet'
2025-07-14 16:43:18 INFO  o.s.web.servlet.DispatcherServlet - Initializing Servlet 'dispatcherServlet'
2025-07-14 16:43:18 INFO  o.s.web.servlet.DispatcherServlet - Completed initialization in 1 ms
2025-07-14 16:47:15 INFO  o.s.o.j.LocalContainerEntityManagerFactoryBean - Closing JPA EntityManagerFactory for persistence unit 'default'
2025-07-14 16:47:15 INFO  com.zaxxer.hikari.HikariDataSource - HikariPool-1 - Shutdown initiated...
2025-07-14 16:47:16 INFO  com.zaxxer.hikari.HikariDataSource - HikariPool-1 - Shutdown completed.
2025-07-14 16:47:42 INFO  c.e.l.app.LoggingPracticeApplication - Starting LoggingPracticeApplication using Java 21.0.6 with PID 28709 (/home/amirhosein/Projects/doro/logging_practice/target/classes started by amirhosein in /home/amirhosein/Projects/doro/logging_practice)
2025-07-14 16:47:42 INFO  c.e.l.app.LoggingPracticeApplication - No active profile set, falling back to 1 default profile: "default"
2025-07-14 16:47:42 INFO  o.s.d.r.c.RepositoryConfigurationDelegate - Bootstrapping Spring Data JPA repositories in DEFAULT mode.
2025-07-14 16:47:42 INFO  o.s.d.r.c.RepositoryConfigurationDelegate - Finished Spring Data repository scanning in 8 ms. Found 0 JPA repository interfaces.
2025-07-14 16:47:43 INFO  o.s.b.w.e.tomcat.TomcatWebServer - Tomcat initialized with port 8080 (http)
2025-07-14 16:47:43 INFO  o.a.coyote.http11.Http11NioProtocol - Initializing ProtocolHandler ["http-nio-8080"]
2025-07-14 16:47:43 INFO  o.a.catalina.core.StandardService - Starting service [Tomcat]
2025-07-14 16:47:43 INFO  o.a.catalina.core.StandardEngine - Starting Servlet engine: [Apache Tomcat/10.1.20]
2025-07-14 16:47:43 INFO  o.a.c.c.C.[Tomcat].[localhost].[/] - Initializing Spring embedded WebApplicationContext
2025-07-14 16:47:43 INFO  o.s.b.w.s.c.ServletWebServerApplicationContext - Root WebApplicationContext: initialization completed in 883 ms
2025-07-14 16:47:43 INFO  com.zaxxer.hikari.HikariDataSource - HikariPool-1 - Starting...
2025-07-14 16:47:43 INFO  com.zaxxer.hikari.pool.HikariPool - HikariPool-1 - Added connection conn0: url=jdbc:h2:mem:logdb user=SA
2025-07-14 16:47:43 INFO  com.zaxxer.hikari.HikariDataSource - HikariPool-1 - Start completed.
2025-07-14 16:47:43 INFO  o.s.b.a.h.H2ConsoleAutoConfiguration - H2 console available at '/h2-console'. Database available at 'jdbc:h2:mem:logdb'
2025-07-14 16:47:43 INFO  o.h.jpa.internal.util.LogHelper - HHH000204: Processing PersistenceUnitInfo [name: default]
2025-07-14 16:47:43 INFO  org.hibernate.Version - HHH000412: Hibernate ORM core version 6.4.4.Final
2025-07-14 16:47:43 INFO  o.h.c.i.RegionFactoryInitiator - HHH000026: Second-level cache disabled
2025-07-14 16:47:43 INFO  o.s.o.j.p.SpringPersistenceUnitInfo - No LoadTimeWeaver setup: ignoring JPA class transformer
2025-07-14 16:47:44 INFO  o.h.e.t.j.p.i.JtaPlatformInitiator - HHH000489: No JTA platform available (set 'hibernate.transaction.jta.platform' to enable JTA platform integration)
2025-07-14 16:47:44 INFO  o.s.o.j.LocalContainerEntityManagerFactoryBean - Initialized JPA EntityManagerFactory for persistence unit 'default'
2025-07-14 16:47:44 INFO  o.a.coyote.http11.Http11NioProtocol - Starting ProtocolHandler ["http-nio-8080"]
2025-07-14 16:47:44 INFO  o.s.b.w.e.tomcat.TomcatWebServer - Tomcat started on port 8080 (http) with context path ''
2025-07-14 16:47:44 INFO  c.e.l.app.LoggingPracticeApplication - Started LoggingPracticeApplication in 2.646 seconds (process running for 3.187)
2025-07-14 16:47:51 INFO  o.a.c.c.C.[Tomcat].[localhost].[/] - Initializing Spring DispatcherServlet 'dispatcherServlet'
2025-07-14 16:47:51 INFO  o.s.web.servlet.DispatcherServlet - Initializing Servlet 'dispatcherServlet'
2025-07-14 16:47:51 INFO  o.s.web.servlet.DispatcherServlet - Completed initialization in 1 ms
2025-07-14 16:49:55 INFO  o.s.o.j.LocalContainerEntityManagerFactoryBean - Closing JPA EntityManagerFactory for persistence unit 'default'
2025-07-14 16:49:55 INFO  com.zaxxer.hikari.HikariDataSource - HikariPool-1 - Shutdown initiated...
2025-07-14 16:49:55 INFO  com.zaxxer.hikari.HikariDataSource - HikariPool-1 - Shutdown completed.
2025-07-14 16:56:51 INFO  c.e.l.LoggingPracticeApplication - Starting LoggingPracticeApplication using Java 21.0.6 with PID 30019 (/home/amirhosein/Projects/doro/logging_practice/target/classes started by amirhosein in /home/amirhosein/Projects/doro/logging_practice)
2025-07-14 16:56:51 INFO  c.e.l.LoggingPracticeApplication - No active profile set, falling back to 1 default profile: "default"
2025-07-14 16:56:52 INFO  o.s.d.r.c.RepositoryConfigurationDelegate - Bootstrapping Spring Data JPA repositories in DEFAULT mode.
2025-07-14 16:56:52 INFO  o.s.d.r.c.RepositoryConfigurationDelegate - Finished Spring Data repository scanning in 41 ms. Found 2 JPA repository interfaces.
2025-07-14 16:56:52 INFO  o.s.b.w.e.tomcat.TomcatWebServer - Tomcat initialized with port 8080 (http)
2025-07-14 16:56:52 INFO  o.a.coyote.http11.Http11NioProtocol - Initializing ProtocolHandler ["http-nio-8080"]
2025-07-14 16:56:52 INFO  o.a.catalina.core.StandardService - Starting service [Tomcat]
2025-07-14 16:56:52 INFO  o.a.catalina.core.StandardEngine - Starting Servlet engine: [Apache Tomcat/10.1.20]
2025-07-14 16:56:52 INFO  o.a.c.c.C.[Tomcat].[localhost].[/] - Initializing Spring embedded WebApplicationContext
2025-07-14 16:56:52 INFO  o.s.b.w.s.c.ServletWebServerApplicationContext - Root WebApplicationContext: initialization completed in 1018 ms
2025-07-14 16:56:52 INFO  com.zaxxer.hikari.HikariDataSource - HikariPool-1 - Starting...
2025-07-14 16:56:52 INFO  com.zaxxer.hikari.pool.HikariPool - HikariPool-1 - Added connection conn0: url=jdbc:h2:mem:logdb user=SA
2025-07-14 16:56:52 INFO  com.zaxxer.hikari.HikariDataSource - HikariPool-1 - Start completed.
2025-07-14 16:56:52 INFO  o.s.b.a.h.H2ConsoleAutoConfiguration - H2 console available at '/h2-console'. Database available at 'jdbc:h2:mem:logdb'
2025-07-14 16:56:52 INFO  o.h.jpa.internal.util.LogHelper - HHH000204: Processing PersistenceUnitInfo [name: default]
2025-07-14 16:56:53 INFO  org.hibernate.Version - HHH000412: Hibernate ORM core version 6.4.4.Final
2025-07-14 16:56:53 INFO  o.h.c.i.RegionFactoryInitiator - HHH000026: Second-level cache disabled
2025-07-14 16:56:53 INFO  o.s.o.j.p.SpringPersistenceUnitInfo - No LoadTimeWeaver setup: ignoring JPA class transformer
2025-07-14 16:56:53 INFO  o.h.e.t.j.p.i.JtaPlatformInitiator - HHH000489: No JTA platform available (set 'hibernate.transaction.jta.platform' to enable JTA platform integration)
2025-07-14 16:56:53 INFO  o.s.o.j.LocalContainerEntityManagerFactoryBean - Initialized JPA EntityManagerFactory for persistence unit 'default'
2025-07-14 16:56:54 INFO  o.a.coyote.http11.Http11NioProtocol - Starting ProtocolHandler ["http-nio-8080"]
2025-07-14 16:56:54 INFO  o.s.b.w.e.tomcat.TomcatWebServer - Tomcat started on port 8080 (http) with context path ''
2025-07-14 16:56:54 INFO  c.e.l.LoggingPracticeApplication - Started LoggingPracticeApplication in 3.381 seconds (process running for 3.887)
2025-07-14 16:57:03 INFO  o.a.c.c.C.[Tomcat].[localhost].[/] - Initializing Spring DispatcherServlet 'dispatcherServlet'
2025-07-14 16:57:03 INFO  o.s.web.servlet.DispatcherServlet - Initializing Servlet 'dispatcherServlet'
2025-07-14 16:57:03 INFO  o.s.web.servlet.DispatcherServlet - Completed initialization in 1 ms
2025-07-14 16:57:03 INFO  c.e.l.log.LoggingAspect - Method factorial called with args [20] → returned 2432902008176640000
2025-07-14 16:57:42 INFO  c.e.l.log.LoggingAspect - Method factorial called with args [20] → returned 2432902008176640000
2025-07-14 16:59:06 INFO  o.s.o.j.LocalContainerEntityManagerFactoryBean - Closing JPA EntityManagerFactory for persistence unit 'default'
2025-07-14 16:59:06 INFO  com.zaxxer.hikari.HikariDataSource - HikariPool-1 - Shutdown initiated...
2025-07-14 16:59:06 INFO  com.zaxxer.hikari.HikariDataSource - HikariPool-1 - Shutdown completed.
2025-07-14 16:59:09 INFO  c.e.l.LoggingPracticeApplication - Starting LoggingPracticeApplication using Java 21.0.6 with PID 30173 (/home/amirhosein/Projects/doro/logging_practice/target/classes started by amirhosein in /home/amirhosein/Projects/doro/logging_practice)
2025-07-14 16:59:09 INFO  c.e.l.LoggingPracticeApplication - No active profile set, falling back to 1 default profile: "default"
2025-07-14 16:59:10 INFO  o.s.d.r.c.RepositoryConfigurationDelegate - Bootstrapping Spring Data JPA repositories in DEFAULT mode.
2025-07-14 16:59:10 INFO  o.s.d.r.c.RepositoryConfigurationDelegate - Finished Spring Data repository scanning in 32 ms. Found 2 JPA repository interfaces.
2025-07-14 16:59:10 INFO  o.s.b.w.e.tomcat.TomcatWebServer - Tomcat initialized with port 8080 (http)
2025-07-14 16:59:10 INFO  o.a.coyote.http11.Http11NioProtocol - Initializing ProtocolHandler ["http-nio-8080"]
2025-07-14 16:59:10 INFO  o.a.catalina.core.StandardService - Starting service [Tomcat]
2025-07-14 16:59:10 INFO  o.a.catalina.core.StandardEngine - Starting Servlet engine: [Apache Tomcat/10.1.20]
2025-07-14 16:59:10 INFO  o.a.c.c.C.[Tomcat].[localhost].[/] - Initializing Spring embedded WebApplicationContext
2025-07-14 16:59:10 INFO  o.s.b.w.s.c.ServletWebServerApplicationContext - Root WebApplicationContext: initialization completed in 1013 ms
2025-07-14 16:59:10 INFO  com.zaxxer.hikari.HikariDataSource - HikariPool-1 - Starting...
2025-07-14 16:59:10 INFO  com.zaxxer.hikari.pool.HikariPool - HikariPool-1 - Added connection conn0: url=jdbc:h2:mem:logdb user=SA
2025-07-14 16:59:10 INFO  com.zaxxer.hikari.HikariDataSource - HikariPool-1 - Start completed.
2025-07-14 16:59:10 INFO  o.s.b.a.h.H2ConsoleAutoConfiguration - H2 console available at '/h2-console'. Database available at 'jdbc:h2:mem:logdb'
2025-07-14 16:59:11 INFO  o.h.jpa.internal.util.LogHelper - HHH000204: Processing PersistenceUnitInfo [name: default]
2025-07-14 16:59:11 INFO  org.hibernate.Version - HHH000412: Hibernate ORM core version 6.4.4.Final
2025-07-14 16:59:11 INFO  o.h.c.i.RegionFactoryInitiator - HHH000026: Second-level cache disabled
2025-07-14 16:59:11 INFO  o.s.o.j.p.SpringPersistenceUnitInfo - No LoadTimeWeaver setup: ignoring JPA class transformer
2025-07-14 16:59:11 INFO  o.h.e.t.j.p.i.JtaPlatformInitiator - HHH000489: No JTA platform available (set 'hibernate.transaction.jta.platform' to enable JTA platform integration)
2025-07-14 16:59:11 INFO  o.s.o.j.LocalContainerEntityManagerFactoryBean - Initialized JPA EntityManagerFactory for persistence unit 'default'
2025-07-14 16:59:12 INFO  o.a.coyote.http11.Http11NioProtocol - Starting ProtocolHandler ["http-nio-8080"]
2025-07-14 16:59:12 INFO  o.s.b.w.e.tomcat.TomcatWebServer - Tomcat started on port 8080 (http) with context path ''
2025-07-14 16:59:12 INFO  c.e.l.LoggingPracticeApplication - Started LoggingPracticeApplication in 3.361 seconds (process running for 3.866)
2025-07-14 16:59:22 INFO  o.a.c.c.C.[Tomcat].[localhost].[/] - Initializing Spring DispatcherServlet 'dispatcherServlet'
2025-07-14 16:59:22 INFO  o.s.web.servlet.DispatcherServlet - Initializing Servlet 'dispatcherServlet'
2025-07-14 16:59:22 INFO  o.s.web.servlet.DispatcherServlet - Completed initialization in 2 ms
2025-07-14 16:59:22 INFO  c.e.l.log.LoggingAspect - Method factorial called with args [20] → returned 2432902008176640000
2025-07-14 16:59:30 INFO  c.e.l.log.LoggingAspect - Method factorial called with args [20] → returned 2432902008176640000
2025-07-14 16:59:55 INFO  o.s.o.j.LocalContainerEntityManagerFactoryBean - Closing JPA EntityManagerFactory for persistence unit 'default'
2025-07-14 16:59:55 INFO  com.zaxxer.hikari.HikariDataSource - HikariPool-1 - Shutdown initiated...
2025-07-14 16:59:55 INFO  com.zaxxer.hikari.HikariDataSource - HikariPool-1 - Shutdown completed.
2025-07-14 16:59:57 INFO  c.e.l.LoggingPracticeApplication - Starting LoggingPracticeApplication using Java 21.0.6 with PID 30292 (/home/amirhosein/Projects/doro/logging_practice/target/classes started by amirhosein in /home/amirhosein/Projects/doro/logging_practice)
2025-07-14 16:59:57 INFO  c.e.l.LoggingPracticeApplication - No active profile set, falling back to 1 default profile: "default"
2025-07-14 16:59:57 INFO  o.s.d.r.c.RepositoryConfigurationDelegate - Bootstrapping Spring Data JPA repositories in DEFAULT mode.
2025-07-14 16:59:57 INFO  o.s.d.r.c.RepositoryConfigurationDelegate - Finished Spring Data repository scanning in 33 ms. Found 2 JPA repository interfaces.
2025-07-14 16:59:58 INFO  o.s.b.w.e.tomcat.TomcatWebServer - Tomcat initialized with port 8080 (http)
2025-07-14 16:59:58 INFO  o.a.coyote.http11.Http11NioProtocol - Initializing ProtocolHandler ["http-nio-8080"]
2025-07-14 16:59:58 INFO  o.a.catalina.core.StandardService - Starting service [Tomcat]
2025-07-14 16:59:58 INFO  o.a.catalina.core.StandardEngine - Starting Servlet engine: [Apache Tomcat/10.1.20]
2025-07-14 16:59:58 INFO  o.a.c.c.C.[Tomcat].[localhost].[/] - Initializing Spring embedded WebApplicationContext
2025-07-14 16:59:58 INFO  o.s.b.w.s.c.ServletWebServerApplicationContext - Root WebApplicationContext: initialization completed in 1059 ms
2025-07-14 16:59:58 INFO  com.zaxxer.hikari.HikariDataSource - HikariPool-1 - Starting...
2025-07-14 16:59:58 INFO  com.zaxxer.hikari.pool.HikariPool - HikariPool-1 - Added connection conn0: url=jdbc:h2:mem:logdb user=SA
2025-07-14 16:59:58 INFO  com.zaxxer.hikari.HikariDataSource - HikariPool-1 - Start completed.
2025-07-14 16:59:58 INFO  o.s.b.a.h.H2ConsoleAutoConfiguration - H2 console available at '/h2-console'. Database available at 'jdbc:h2:mem:logdb'
2025-07-14 16:59:58 INFO  o.h.jpa.internal.util.LogHelper - HHH000204: Processing PersistenceUnitInfo [name: default]
2025-07-14 16:59:58 INFO  org.hibernate.Version - HHH000412: Hibernate ORM core version 6.4.4.Final
2025-07-14 16:59:58 INFO  o.h.c.i.RegionFactoryInitiator - HHH000026: Second-level cache disabled
2025-07-14 16:59:58 INFO  o.s.o.j.p.SpringPersistenceUnitInfo - No LoadTimeWeaver setup: ignoring JPA class transformer
2025-07-14 16:59:59 INFO  o.h.e.t.j.p.i.JtaPlatformInitiator - HHH000489: No JTA platform available (set 'hibernate.transaction.jta.platform' to enable JTA platform integration)
2025-07-14 16:59:59 INFO  o.s.o.j.LocalContainerEntityManagerFactoryBean - Initialized JPA EntityManagerFactory for persistence unit 'default'
2025-07-14 17:00:00 INFO  o.a.coyote.http11.Http11NioProtocol - Starting ProtocolHandler ["http-nio-8080"]
2025-07-14 17:00:00 INFO  o.s.b.w.e.tomcat.TomcatWebServer - Tomcat started on port 8080 (http) with context path ''
2025-07-14 17:00:00 INFO  c.e.l.LoggingPracticeApplication - Started LoggingPracticeApplication in 3.525 seconds (process running for 4.014)
2025-07-14 17:00:04 INFO  o.a.c.c.C.[Tomcat].[localhost].[/] - Initializing Spring DispatcherServlet 'dispatcherServlet'
2025-07-14 17:00:04 INFO  o.s.web.servlet.DispatcherServlet - Initializing Servlet 'dispatcherServlet'
2025-07-14 17:00:04 INFO  o.s.web.servlet.DispatcherServlet - Completed initialization in 1 ms
2025-07-14 17:00:04 INFO  c.e.l.log.LoggingAspect - Method factorial called with args [20] → returned 2432902008176640000
2025-07-14 17:00:31 INFO  o.s.o.j.LocalContainerEntityManagerFactoryBean - Closing JPA EntityManagerFactory for persistence unit 'default'
2025-07-14 17:00:31 INFO  com.zaxxer.hikari.HikariDataSource - HikariPool-1 - Shutdown initiated...
2025-07-14 17:00:31 INFO  com.zaxxer.hikari.HikariDataSource - HikariPool-1 - Shutdown completed.
2025-07-14 17:00:34 INFO  c.e.l.LoggingPracticeApplication - Starting LoggingPracticeApplication using Java 21.0.6 with PID 30407 (/home/amirhosein/Projects/doro/logging_practice/target/classes started by amirhosein in /home/amirhosein/Projects/doro/logging_practice)
2025-07-14 17:00:34 INFO  c.e.l.LoggingPracticeApplication - No active profile set, falling back to 1 default profile: "default"
2025-07-14 17:00:34 INFO  o.s.d.r.c.RepositoryConfigurationDelegate - Bootstrapping Spring Data JPA repositories in DEFAULT mode.
2025-07-14 17:00:34 INFO  o.s.d.r.c.RepositoryConfigurationDelegate - Finished Spring Data repository scanning in 32 ms. Found 2 JPA repository interfaces.
2025-07-14 17:00:35 INFO  o.s.b.w.e.tomcat.TomcatWebServer - Tomcat initialized with port 8080 (http)
2025-07-14 17:00:35 INFO  o.a.coyote.http11.Http11NioProtocol - Initializing ProtocolHandler ["http-nio-8080"]
2025-07-14 17:00:35 INFO  o.a.catalina.core.StandardService - Starting service [Tomcat]
2025-07-14 17:00:35 INFO  o.a.catalina.core.StandardEngine - Starting Servlet engine: [Apache Tomcat/10.1.20]
2025-07-14 17:00:35 INFO  o.a.c.c.C.[Tomcat].[localhost].[/] - Initializing Spring embedded WebApplicationContext
2025-07-14 17:00:35 INFO  o.s.b.w.s.c.ServletWebServerApplicationContext - Root WebApplicationContext: initialization completed in 1016 ms
2025-07-14 17:00:35 INFO  com.zaxxer.hikari.HikariDataSource - HikariPool-1 - Starting...
2025-07-14 17:00:35 INFO  com.zaxxer.hikari.pool.HikariPool - HikariPool-1 - Added connection conn0: url=jdbc:h2:mem:logdb user=SA
2025-07-14 17:00:35 INFO  com.zaxxer.hikari.HikariDataSource - HikariPool-1 - Start completed.
2025-07-14 17:00:35 INFO  o.s.b.a.h.H2ConsoleAutoConfiguration - H2 console available at '/h2-console'. Database available at 'jdbc:h2:mem:logdb'
2025-07-14 17:00:35 INFO  o.h.jpa.internal.util.LogHelper - HHH000204: Processing PersistenceUnitInfo [name: default]
2025-07-14 17:00:35 INFO  org.hibernate.Version - HHH000412: Hibernate ORM core version 6.4.4.Final
2025-07-14 17:00:35 INFO  o.h.c.i.RegionFactoryInitiator - HHH000026: Second-level cache disabled
2025-07-14 17:00:36 INFO  o.s.o.j.p.SpringPersistenceUnitInfo - No LoadTimeWeaver setup: ignoring JPA class transformer
2025-07-14 17:00:36 INFO  o.h.e.t.j.p.i.JtaPlatformInitiator - HHH000489: No JTA platform available (set 'hibernate.transaction.jta.platform' to enable JTA platform integration)
2025-07-14 17:00:36 INFO  o.s.o.j.LocalContainerEntityManagerFactoryBean - Initialized JPA EntityManagerFactory for persistence unit 'default'
2025-07-14 17:00:37 INFO  o.a.coyote.http11.Http11NioProtocol - Starting ProtocolHandler ["http-nio-8080"]
2025-07-14 17:00:37 INFO  o.s.b.w.e.tomcat.TomcatWebServer - Tomcat started on port 8080 (http) with context path ''
2025-07-14 17:00:37 INFO  c.e.l.LoggingPracticeApplication - Started LoggingPracticeApplication in 3.452 seconds (process running for 3.979)
2025-07-14 17:00:39 INFO  o.a.c.c.C.[Tomcat].[localhost].[/] - Initializing Spring DispatcherServlet 'dispatcherServlet'
2025-07-14 17:00:39 INFO  o.s.web.servlet.DispatcherServlet - Initializing Servlet 'dispatcherServlet'
2025-07-14 17:00:39 INFO  o.s.web.servlet.DispatcherServlet - Completed initialization in 1 ms
2025-07-14 17:00:39 INFO  c.e.l.log.LoggingAspect - Method factorial called with args [10] → returned 3628800
2025-07-14 17:00:40 INFO  c.e.l.log.LoggingAspect - Method factorial called with args [10] → returned 3628800
2025-07-14 17:02:12 INFO  o.s.o.j.LocalContainerEntityManagerFactoryBean - Closing JPA EntityManagerFactory for persistence unit 'default'
2025-07-14 17:02:12 INFO  com.zaxxer.hikari.HikariDataSource - HikariPool-1 - Shutdown initiated...
2025-07-14 17:02:12 INFO  com.zaxxer.hikari.HikariDataSource - HikariPool-1 - Shutdown completed.
2025-07-14 17:02:15 INFO  c.e.l.LoggingPracticeApplication - Starting LoggingPracticeApplication using Java 21.0.6 with PID 30538 (/home/amirhosein/Projects/doro/logging_practice/target/classes started by amirhosein in /home/amirhosein/Projects/doro/logging_practice)
2025-07-14 17:02:15 INFO  c.e.l.LoggingPracticeApplication - No active profile set, falling back to 1 default profile: "default"
2025-07-14 17:02:16 INFO  o.s.d.r.c.RepositoryConfigurationDelegate - Bootstrapping Spring Data JPA repositories in DEFAULT mode.
2025-07-14 17:02:16 INFO  o.s.d.r.c.RepositoryConfigurationDelegate - Finished Spring Data repository scanning in 36 ms. Found 2 JPA repository interfaces.
2025-07-14 17:02:17 INFO  o.s.b.w.e.tomcat.TomcatWebServer - Tomcat initialized with port 8080 (http)
2025-07-14 17:02:17 INFO  o.a.coyote.http11.Http11NioProtocol - Initializing ProtocolHandler ["http-nio-8080"]
2025-07-14 17:02:17 INFO  o.a.catalina.core.StandardService - Starting service [Tomcat]
2025-07-14 17:02:17 INFO  o.a.catalina.core.StandardEngine - Starting Servlet engine: [Apache Tomcat/10.1.20]
2025-07-14 17:02:17 INFO  o.a.c.c.C.[Tomcat].[localhost].[/] - Initializing Spring embedded WebApplicationContext
2025-07-14 17:02:17 INFO  o.s.b.w.s.c.ServletWebServerApplicationContext - Root WebApplicationContext: initialization completed in 1121 ms
2025-07-14 17:02:17 INFO  com.zaxxer.hikari.HikariDataSource - HikariPool-1 - Starting...
2025-07-14 17:02:17 INFO  com.zaxxer.hikari.pool.HikariPool - HikariPool-1 - Added connection conn0: url=jdbc:h2:mem:logdb user=SA
2025-07-14 17:02:17 INFO  com.zaxxer.hikari.HikariDataSource - HikariPool-1 - Start completed.
2025-07-14 17:02:17 INFO  o.s.b.a.h.H2ConsoleAutoConfiguration - H2 console available at '/h2-console'. Database available at 'jdbc:h2:mem:logdb'
2025-07-14 17:02:17 INFO  o.h.jpa.internal.util.LogHelper - HHH000204: Processing PersistenceUnitInfo [name: default]
2025-07-14 17:02:17 INFO  org.hibernate.Version - HHH000412: Hibernate ORM core version 6.4.4.Final
2025-07-14 17:02:17 INFO  o.h.c.i.RegionFactoryInitiator - HHH000026: Second-level cache disabled
2025-07-14 17:02:17 INFO  o.s.o.j.p.SpringPersistenceUnitInfo - No LoadTimeWeaver setup: ignoring JPA class transformer
2025-07-14 17:02:18 INFO  o.h.e.t.j.p.i.JtaPlatformInitiator - HHH000489: No JTA platform available (set 'hibernate.transaction.jta.platform' to enable JTA platform integration)
2025-07-14 17:02:18 INFO  o.s.o.j.LocalContainerEntityManagerFactoryBean - Initialized JPA EntityManagerFactory for persistence unit 'default'
2025-07-14 17:02:19 INFO  o.a.coyote.http11.Http11NioProtocol - Starting ProtocolHandler ["http-nio-8080"]
2025-07-14 17:02:19 INFO  o.s.b.w.e.tomcat.TomcatWebServer - Tomcat started on port 8080 (http) with context path ''
2025-07-14 17:02:19 INFO  c.e.l.LoggingPracticeApplication - Started LoggingPracticeApplication in 3.579 seconds (process running for 4.111)
2025-07-14 17:02:22 INFO  o.a.c.c.C.[Tomcat].[localhost].[/] - Initializing Spring DispatcherServlet 'dispatcherServlet'
2025-07-14 17:02:22 INFO  o.s.web.servlet.DispatcherServlet - Initializing Servlet 'dispatcherServlet'
2025-07-14 17:02:22 INFO  o.s.web.servlet.DispatcherServlet - Completed initialization in 1 ms
2025-07-14 17:02:22 INFO  c.e.l.log.LoggingAspect - Method factorial called with args [10] → returned 3628800
2025-07-14 17:02:23 INFO  c.e.l.log.LoggingAspect - Method factorial called with args [10] → returned 3628800
2025-07-14 17:05:02 INFO  o.s.o.j.LocalContainerEntityManagerFactoryBean - Closing JPA EntityManagerFactory for persistence unit 'default'
2025-07-14 17:05:02 INFO  com.zaxxer.hikari.HikariDataSource - HikariPool-1 - Shutdown initiated...
2025-07-14 17:05:02 INFO  com.zaxxer.hikari.HikariDataSource - HikariPool-1 - Shutdown completed.
2025-07-14 17:05:05 INFO  c.e.l.LoggingPracticeApplication - Starting LoggingPracticeApplication using Java 21.0.6 with PID 30678 (/home/amirhosein/Projects/doro/logging_practice/target/classes started by amirhosein in /home/amirhosein/Projects/doro/logging_practice)
2025-07-14 17:05:05 INFO  c.e.l.LoggingPracticeApplication - No active profile set, falling back to 1 default profile: "default"
2025-07-14 17:05:05 INFO  o.s.d.r.c.RepositoryConfigurationDelegate - Bootstrapping Spring Data JPA repositories in DEFAULT mode.
2025-07-14 17:05:05 INFO  o.s.d.r.c.RepositoryConfigurationDelegate - Finished Spring Data repository scanning in 43 ms. Found 2 JPA repository interfaces.
2025-07-14 17:05:06 INFO  o.s.b.w.e.tomcat.TomcatWebServer - Tomcat initialized with port 8080 (http)
2025-07-14 17:05:06 INFO  o.a.coyote.http11.Http11NioProtocol - Initializing ProtocolHandler ["http-nio-8080"]
2025-07-14 17:05:06 INFO  o.a.catalina.core.StandardService - Starting service [Tomcat]
2025-07-14 17:05:06 INFO  o.a.catalina.core.StandardEngine - Starting Servlet engine: [Apache Tomcat/10.1.20]
2025-07-14 17:05:06 INFO  o.a.c.c.C.[Tomcat].[localhost].[/] - Initializing Spring embedded WebApplicationContext
2025-07-14 17:05:06 INFO  o.s.b.w.s.c.ServletWebServerApplicationContext - Root WebApplicationContext: initialization completed in 1069 ms
2025-07-14 17:05:06 INFO  com.zaxxer.hikari.HikariDataSource - HikariPool-1 - Starting...
2025-07-14 17:05:06 INFO  com.zaxxer.hikari.pool.HikariPool - HikariPool-1 - Added connection conn0: url=jdbc:h2:mem:logdb user=SA
2025-07-14 17:05:06 INFO  com.zaxxer.hikari.HikariDataSource - HikariPool-1 - Start completed.
2025-07-14 17:05:06 INFO  o.s.b.a.h.H2ConsoleAutoConfiguration - H2 console available at '/h2-console'. Database available at 'jdbc:h2:mem:logdb'
2025-07-14 17:05:06 INFO  o.h.jpa.internal.util.LogHelper - HHH000204: Processing PersistenceUnitInfo [name: default]
2025-07-14 17:05:06 INFO  org.hibernate.Version - HHH000412: Hibernate ORM core version 6.4.4.Final
2025-07-14 17:05:06 INFO  o.h.c.i.RegionFactoryInitiator - HHH000026: Second-level cache disabled
2025-07-14 17:05:06 INFO  o.s.o.j.p.SpringPersistenceUnitInfo - No LoadTimeWeaver setup: ignoring JPA class transformer
2025-07-14 17:05:07 INFO  o.h.e.t.j.p.i.JtaPlatformInitiator - HHH000489: No JTA platform available (set 'hibernate.transaction.jta.platform' to enable JTA platform integration)
2025-07-14 17:05:07 INFO  o.s.o.j.LocalContainerEntityManagerFactoryBean - Initialized JPA EntityManagerFactory for persistence unit 'default'
2025-07-14 17:05:08 INFO  o.a.coyote.http11.Http11NioProtocol - Starting ProtocolHandler ["http-nio-8080"]
2025-07-14 17:05:08 INFO  o.s.b.w.e.tomcat.TomcatWebServer - Tomcat started on port 8080 (http) with context path ''
2025-07-14 17:05:08 INFO  c.e.l.LoggingPracticeApplication - Started LoggingPracticeApplication in 3.582 seconds (process running for 4.119)
2025-07-14 17:05:16 INFO  o.a.c.c.C.[Tomcat].[localhost].[/] - Initializing Spring DispatcherServlet 'dispatcherServlet'
2025-07-14 17:05:16 INFO  o.s.web.servlet.DispatcherServlet - Initializing Servlet 'dispatcherServlet'
2025-07-14 17:05:16 INFO  o.s.web.servlet.DispatcherServlet - Completed initialization in 1 ms
2025-07-14 17:05:16 INFO  c.e.l.log.LoggingAspect - Method factorial called with args [10] → returned 3628800
2025-07-14 17:06:24 INFO  o.s.o.j.LocalContainerEntityManagerFactoryBean - Closing JPA EntityManagerFactory for persistence unit 'default'
2025-07-14 17:06:24 INFO  com.zaxxer.hikari.HikariDataSource - HikariPool-1 - Shutdown initiated...
2025-07-14 17:06:24 INFO  com.zaxxer.hikari.HikariDataSource - HikariPool-1 - Shutdown completed.
2025-07-14 17:06:26 INFO  c.e.l.LoggingPracticeApplication - Starting LoggingPracticeApplication using Java 21.0.6 with PID 30796 (/home/amirhosein/Projects/doro/logging_practice/target/classes started by amirhosein in /home/amirhosein/Projects/doro/logging_practice)
2025-07-14 17:06:26 INFO  c.e.l.LoggingPracticeApplication - No active profile set, falling back to 1 default profile: "default"
2025-07-14 17:06:26 INFO  o.s.d.r.c.RepositoryConfigurationDelegate - Bootstrapping Spring Data JPA repositories in DEFAULT mode.
2025-07-14 17:06:26 INFO  o.s.d.r.c.RepositoryConfigurationDelegate - Finished Spring Data repository scanning in 35 ms. Found 2 JPA repository interfaces.
2025-07-14 17:06:27 INFO  o.s.b.w.e.tomcat.TomcatWebServer - Tomcat initialized with port 8080 (http)
2025-07-14 17:06:27 INFO  o.a.coyote.http11.Http11NioProtocol - Initializing ProtocolHandler ["http-nio-8080"]
2025-07-14 17:06:27 INFO  o.a.catalina.core.StandardService - Starting service [Tomcat]
2025-07-14 17:06:27 INFO  o.a.catalina.core.StandardEngine - Starting Servlet engine: [Apache Tomcat/10.1.20]
2025-07-14 17:06:27 INFO  o.a.c.c.C.[Tomcat].[localhost].[/] - Initializing Spring embedded WebApplicationContext
2025-07-14 17:06:27 INFO  o.s.b.w.s.c.ServletWebServerApplicationContext - Root WebApplicationContext: initialization completed in 1067 ms
2025-07-14 17:06:27 INFO  com.zaxxer.hikari.HikariDataSource - HikariPool-1 - Starting...
2025-07-14 17:06:27 INFO  com.zaxxer.hikari.pool.HikariPool - HikariPool-1 - Added connection conn0: url=jdbc:h2:mem:logdb user=SA
2025-07-14 17:06:27 INFO  com.zaxxer.hikari.HikariDataSource - HikariPool-1 - Start completed.
2025-07-14 17:06:27 INFO  o.s.b.a.h.H2ConsoleAutoConfiguration - H2 console available at '/h2-console'. Database available at 'jdbc:h2:mem:logdb'
2025-07-14 17:06:27 INFO  o.h.jpa.internal.util.LogHelper - HHH000204: Processing PersistenceUnitInfo [name: default]
2025-07-14 17:06:27 INFO  org.hibernate.Version - HHH000412: Hibernate ORM core version 6.4.4.Final
2025-07-14 17:06:27 INFO  o.h.c.i.RegionFactoryInitiator - HHH000026: Second-level cache disabled
2025-07-14 17:06:27 INFO  o.s.o.j.p.SpringPersistenceUnitInfo - No LoadTimeWeaver setup: ignoring JPA class transformer
2025-07-14 17:06:28 INFO  o.h.e.t.j.p.i.JtaPlatformInitiator - HHH000489: No JTA platform available (set 'hibernate.transaction.jta.platform' to enable JTA platform integration)
2025-07-14 17:06:28 INFO  o.s.o.j.LocalContainerEntityManagerFactoryBean - Initialized JPA EntityManagerFactory for persistence unit 'default'
2025-07-14 17:06:29 INFO  o.a.coyote.http11.Http11NioProtocol - Starting ProtocolHandler ["http-nio-8080"]
2025-07-14 17:06:29 INFO  o.s.b.w.e.tomcat.TomcatWebServer - Tomcat started on port 8080 (http) with context path ''
2025-07-14 17:06:29 INFO  c.e.l.LoggingPracticeApplication - Started LoggingPracticeApplication in 3.439 seconds (process running for 4.001)
2025-07-14 17:06:38 INFO  o.a.c.c.C.[Tomcat].[localhost].[/] - Initializing Spring DispatcherServlet 'dispatcherServlet'
2025-07-14 17:06:38 INFO  o.s.web.servlet.DispatcherServlet - Initializing Servlet 'dispatcherServlet'
2025-07-14 17:06:38 INFO  o.s.web.servlet.DispatcherServlet - Completed initialization in 1 ms
2025-07-14 17:06:38 INFO  c.e.l.log.LoggingAspect - Method factorial called with args [10] → returned 3628800
2025-07-14 17:09:21 INFO  o.s.o.j.LocalContainerEntityManagerFactoryBean - Closing JPA EntityManagerFactory for persistence unit 'default'
2025-07-14 17:09:21 INFO  com.zaxxer.hikari.HikariDataSource - HikariPool-1 - Shutdown initiated...
2025-07-14 17:09:21 INFO  com.zaxxer.hikari.HikariDataSource - HikariPool-1 - Shutdown completed.
2025-07-14 17:09:24 INFO  c.e.l.LoggingPracticeApplication - Starting LoggingPracticeApplication using Java 21.0.6 with PID 30940 (/home/amirhosein/Projects/doro/logging_practice/target/classes started by amirhosein in /home/amirhosein/Projects/doro/logging_practice)
2025-07-14 17:09:24 INFO  c.e.l.LoggingPracticeApplication - No active profile set, falling back to 1 default profile: "default"
2025-07-14 17:09:24 INFO  o.s.d.r.c.RepositoryConfigurationDelegate - Bootstrapping Spring Data JPA repositories in DEFAULT mode.
2025-07-14 17:09:24 INFO  o.s.d.r.c.RepositoryConfigurationDelegate - Finished Spring Data repository scanning in 33 ms. Found 2 JPA repository interfaces.
2025-07-14 17:09:25 INFO  o.s.b.w.e.tomcat.TomcatWebServer - Tomcat initialized with port 8080 (http)
2025-07-14 17:09:25 INFO  o.a.coyote.http11.Http11NioProtocol - Initializing ProtocolHandler ["http-nio-8080"]
2025-07-14 17:09:25 INFO  o.a.catalina.core.StandardService - Starting service [Tomcat]
2025-07-14 17:09:25 INFO  o.a.catalina.core.StandardEngine - Starting Servlet engine: [Apache Tomcat/10.1.20]
2025-07-14 17:09:25 INFO  o.a.c.c.C.[Tomcat].[localhost].[/] - Initializing Spring embedded WebApplicationContext
2025-07-14 17:09:25 INFO  o.s.b.w.s.c.ServletWebServerApplicationContext - Root WebApplicationContext: initialization completed in 1036 ms
2025-07-14 17:09:25 INFO  com.zaxxer.hikari.HikariDataSource - HikariPool-1 - Starting...
2025-07-14 17:09:25 INFO  com.zaxxer.hikari.pool.HikariPool - HikariPool-1 - Added connection conn0: url=jdbc:h2:mem:logdb user=SA
2025-07-14 17:09:25 INFO  com.zaxxer.hikari.HikariDataSource - HikariPool-1 - Start completed.
2025-07-14 17:09:25 INFO  o.s.b.a.h.H2ConsoleAutoConfiguration - H2 console available at '/h2-console'. Database available at 'jdbc:h2:mem:logdb'
2025-07-14 17:09:25 INFO  o.h.jpa.internal.util.LogHelper - HHH000204: Processing PersistenceUnitInfo [name: default]
2025-07-14 17:09:25 INFO  org.hibernate.Version - HHH000412: Hibernate ORM core version 6.4.4.Final
2025-07-14 17:09:25 INFO  o.h.c.i.RegionFactoryInitiator - HHH000026: Second-level cache disabled
2025-07-14 17:09:25 INFO  o.s.o.j.p.SpringPersistenceUnitInfo - No LoadTimeWeaver setup: ignoring JPA class transformer
2025-07-14 17:09:26 INFO  o.h.e.t.j.p.i.JtaPlatformInitiator - HHH000489: No JTA platform available (set 'hibernate.transaction.jta.platform' to enable JTA platform integration)
2025-07-14 17:09:26 INFO  o.s.o.j.LocalContainerEntityManagerFactoryBean - Initialized JPA EntityManagerFactory for persistence unit 'default'
2025-07-14 17:09:27 INFO  o.a.coyote.http11.Http11NioProtocol - Starting ProtocolHandler ["http-nio-8080"]
2025-07-14 17:09:27 INFO  o.s.b.w.e.tomcat.TomcatWebServer - Tomcat started on port 8080 (http) with context path ''
2025-07-14 17:09:27 INFO  c.e.l.LoggingPracticeApplication - Started LoggingPracticeApplication in 3.458 seconds (process running for 3.942)
2025-07-14 17:09:30 INFO  o.a.c.c.C.[Tomcat].[localhost].[/] - Initializing Spring DispatcherServlet 'dispatcherServlet'
2025-07-14 17:09:30 INFO  o.s.web.servlet.DispatcherServlet - Initializing Servlet 'dispatcherServlet'
2025-07-14 17:09:30 INFO  o.s.web.servlet.DispatcherServlet - Completed initialization in 1 ms
2025-07-14 17:09:30 INFO  c.e.l.log.LoggingAspect - Method factorial called with args [10] → returned 3628800
2025-07-14 17:09:32 INFO  c.e.l.log.LoggingAspect - Method factorial called with args [10] → returned 3628800
2025-07-14 17:09:32 INFO  c.e.l.log.LoggingAspect - Method factorial called with args [10] → returned 3628800
2025-07-14 17:09:34 INFO  c.e.l.log.LoggingAspect - Method factorial called with args [10] → returned 3628800
2025-07-14 17:10:33 INFO  o.s.o.j.LocalContainerEntityManagerFactoryBean - Closing JPA EntityManagerFactory for persistence unit 'default'
2025-07-14 17:10:33 INFO  com.zaxxer.hikari.HikariDataSource - HikariPool-1 - Shutdown initiated...
2025-07-14 17:10:33 INFO  com.zaxxer.hikari.HikariDataSource - HikariPool-1 - Shutdown completed.
2025-07-14 17:10:36 INFO  c.e.l.LoggingPracticeApplication - Starting LoggingPracticeApplication using Java 21.0.6 with PID 31064 (/home/amirhosein/Projects/doro/logging_practice/target/classes started by amirhosein in /home/amirhosein/Projects/doro/logging_practice)
2025-07-14 17:10:36 INFO  c.e.l.LoggingPracticeApplication - No active profile set, falling back to 1 default profile: "default"
2025-07-14 17:10:36 INFO  o.s.d.r.c.RepositoryConfigurationDelegate - Bootstrapping Spring Data JPA repositories in DEFAULT mode.
2025-07-14 17:10:36 INFO  o.s.d.r.c.RepositoryConfigurationDelegate - Finished Spring Data repository scanning in 34 ms. Found 2 JPA repository interfaces.
2025-07-14 17:10:37 INFO  o.s.b.w.e.tomcat.TomcatWebServer - Tomcat initialized with port 8080 (http)
2025-07-14 17:10:37 INFO  o.a.coyote.http11.Http11NioProtocol - Initializing ProtocolHandler ["http-nio-8080"]
2025-07-14 17:10:37 INFO  o.a.catalina.core.StandardService - Starting service [Tomcat]
2025-07-14 17:10:37 INFO  o.a.catalina.core.StandardEngine - Starting Servlet engine: [Apache Tomcat/10.1.20]
2025-07-14 17:10:37 INFO  o.a.c.c.C.[Tomcat].[localhost].[/] - Initializing Spring embedded WebApplicationContext
2025-07-14 17:10:37 INFO  o.s.b.w.s.c.ServletWebServerApplicationContext - Root WebApplicationContext: initialization completed in 1002 ms
2025-07-14 17:10:37 INFO  com.zaxxer.hikari.HikariDataSource - HikariPool-1 - Starting...
2025-07-14 17:10:37 INFO  com.zaxxer.hikari.pool.HikariPool - HikariPool-1 - Added connection conn0: url=jdbc:h2:mem:logdb user=SA
2025-07-14 17:10:37 INFO  com.zaxxer.hikari.HikariDataSource - HikariPool-1 - Start completed.
2025-07-14 17:10:37 INFO  o.s.b.a.h.H2ConsoleAutoConfiguration - H2 console available at '/h2-console'. Database available at 'jdbc:h2:mem:logdb'
2025-07-14 17:10:37 INFO  o.h.jpa.internal.util.LogHelper - HHH000204: Processing PersistenceUnitInfo [name: default]
2025-07-14 17:10:37 INFO  org.hibernate.Version - HHH000412: Hibernate ORM core version 6.4.4.Final
2025-07-14 17:10:37 INFO  o.h.c.i.RegionFactoryInitiator - HHH000026: Second-level cache disabled
2025-07-14 17:10:37 INFO  o.s.o.j.p.SpringPersistenceUnitInfo - No LoadTimeWeaver setup: ignoring JPA class transformer
2025-07-14 17:10:38 INFO  o.h.e.t.j.p.i.JtaPlatformInitiator - HHH000489: No JTA platform available (set 'hibernate.transaction.jta.platform' to enable JTA platform integration)
2025-07-14 17:10:38 INFO  o.s.o.j.LocalContainerEntityManagerFactoryBean - Initialized JPA EntityManagerFactory for persistence unit 'default'
2025-07-14 17:10:39 INFO  o.a.coyote.http11.Http11NioProtocol - Starting ProtocolHandler ["http-nio-8080"]
2025-07-14 17:10:39 INFO  o.s.b.w.e.tomcat.TomcatWebServer - Tomcat started on port 8080 (http) with context path ''
2025-07-14 17:10:39 INFO  c.e.l.LoggingPracticeApplication - Started LoggingPracticeApplication in 3.377 seconds (process running for 3.85)
2025-07-14 17:10:43 INFO  o.a.c.c.C.[Tomcat].[localhost].[/] - Initializing Spring DispatcherServlet 'dispatcherServlet'
2025-07-14 17:10:43 INFO  o.s.web.servlet.DispatcherServlet - Initializing Servlet 'dispatcherServlet'
2025-07-14 17:10:43 INFO  o.s.web.servlet.DispatcherServlet - Completed initialization in 1 ms
2025-07-14 17:10:43 INFO  c.e.l.log.LoggingAspect - Method factorial called with args [10] → returned 3628800
2025-07-14 17:11:59 INFO  o.s.o.j.LocalContainerEntityManagerFactoryBean - Closing JPA EntityManagerFactory for persistence unit 'default'
2025-07-14 17:11:59 INFO  com.zaxxer.hikari.HikariDataSource - HikariPool-1 - Shutdown initiated...
2025-07-14 17:11:59 INFO  com.zaxxer.hikari.HikariDataSource - HikariPool-1 - Shutdown completed.
2025-07-14 17:12:02 INFO  c.e.l.LoggingPracticeApplication - Starting LoggingPracticeApplication using Java 21.0.6 with PID 31201 (/home/amirhosein/Projects/doro/logging_practice/target/classes started by amirhosein in /home/amirhosein/Projects/doro/logging_practice)
2025-07-14 17:12:02 INFO  c.e.l.LoggingPracticeApplication - No active profile set, falling back to 1 default profile: "default"
2025-07-14 17:12:03 INFO  o.s.d.r.c.RepositoryConfigurationDelegate - Bootstrapping Spring Data JPA repositories in DEFAULT mode.
2025-07-14 17:12:03 INFO  o.s.d.r.c.RepositoryConfigurationDelegate - Finished Spring Data repository scanning in 33 ms. Found 2 JPA repository interfaces.
2025-07-14 17:12:03 INFO  o.s.b.w.e.tomcat.TomcatWebServer - Tomcat initialized with port 8080 (http)
2025-07-14 17:12:03 INFO  o.a.coyote.http11.Http11NioProtocol - Initializing ProtocolHandler ["http-nio-8080"]
2025-07-14 17:12:03 INFO  o.a.catalina.core.StandardService - Starting service [Tomcat]
2025-07-14 17:12:03 INFO  o.a.catalina.core.StandardEngine - Starting Servlet engine: [Apache Tomcat/10.1.20]
2025-07-14 17:12:03 INFO  o.a.c.c.C.[Tomcat].[localhost].[/] - Initializing Spring embedded WebApplicationContext
2025-07-14 17:12:03 INFO  o.s.b.w.s.c.ServletWebServerApplicationContext - Root WebApplicationContext: initialization completed in 1063 ms
2025-07-14 17:12:03 INFO  com.zaxxer.hikari.HikariDataSource - HikariPool-1 - Starting...
2025-07-14 17:12:04 INFO  com.zaxxer.hikari.pool.HikariPool - HikariPool-1 - Added connection conn0: url=jdbc:h2:mem:logdb user=SA
2025-07-14 17:12:04 INFO  com.zaxxer.hikari.HikariDataSource - HikariPool-1 - Start completed.
2025-07-14 17:12:04 INFO  o.s.b.a.h.H2ConsoleAutoConfiguration - H2 console available at '/h2-console'. Database available at 'jdbc:h2:mem:logdb'
2025-07-14 17:12:04 INFO  o.h.jpa.internal.util.LogHelper - HHH000204: Processing PersistenceUnitInfo [name: default]
2025-07-14 17:12:04 INFO  org.hibernate.Version - HHH000412: Hibernate ORM core version 6.4.4.Final
2025-07-14 17:12:04 INFO  o.h.c.i.RegionFactoryInitiator - HHH000026: Second-level cache disabled
2025-07-14 17:12:04 INFO  o.s.o.j.p.SpringPersistenceUnitInfo - No LoadTimeWeaver setup: ignoring JPA class transformer
2025-07-14 17:12:05 INFO  o.h.e.t.j.p.i.JtaPlatformInitiator - HHH000489: No JTA platform available (set 'hibernate.transaction.jta.platform' to enable JTA platform integration)
2025-07-14 17:12:05 INFO  o.s.o.j.LocalContainerEntityManagerFactoryBean - Initialized JPA EntityManagerFactory for persistence unit 'default'
2025-07-14 17:12:05 INFO  o.a.coyote.http11.Http11NioProtocol - Starting ProtocolHandler ["http-nio-8080"]
2025-07-14 17:12:05 INFO  o.s.b.w.e.tomcat.TomcatWebServer - Tomcat started on port 8080 (http) with context path ''
2025-07-14 17:12:05 INFO  c.e.l.LoggingPracticeApplication - Started LoggingPracticeApplication in 3.624 seconds (process running for 4.191)
2025-07-14 17:12:10 INFO  o.a.c.c.C.[Tomcat].[localhost].[/] - Initializing Spring DispatcherServlet 'dispatcherServlet'
2025-07-14 17:12:10 INFO  o.s.web.servlet.DispatcherServlet - Initializing Servlet 'dispatcherServlet'
2025-07-14 17:12:10 INFO  o.s.web.servlet.DispatcherServlet - Completed initialization in 1 ms
2025-07-14 17:12:10 INFO  c.e.l.log.LoggingAspect - Method factorial called with args [10] → returned 3628800
2025-07-14 17:12:43 INFO  o.s.o.j.LocalContainerEntityManagerFactoryBean - Closing JPA EntityManagerFactory for persistence unit 'default'
2025-07-14 17:12:43 INFO  com.zaxxer.hikari.HikariDataSource - HikariPool-1 - Shutdown initiated...
2025-07-14 17:12:43 INFO  com.zaxxer.hikari.HikariDataSource - HikariPool-1 - Shutdown completed.
2025-07-14 17:23:46 INFO  c.e.l.LoggingPracticeApplication - Starting LoggingPracticeApplication using Java 21.0.6 with PID 31905 (/home/amirhosein/Projects/doro/logging_practice/target/classes started by amirhosein in /home/amirhosein/Projects/doro/logging_practice)
2025-07-14 17:23:46 INFO  c.e.l.LoggingPracticeApplication - No active profile set, falling back to 1 default profile: "default"
2025-07-14 17:23:46 INFO  o.s.d.r.c.RepositoryConfigurationDelegate - Bootstrapping Spring Data JPA repositories in DEFAULT mode.
2025-07-14 17:23:46 INFO  o.s.d.r.c.RepositoryConfigurationDelegate - Finished Spring Data repository scanning in 33 ms. Found 2 JPA repository interfaces.
2025-07-14 17:23:47 INFO  o.s.b.w.e.tomcat.TomcatWebServer - Tomcat initialized with port 8080 (http)
2025-07-14 17:23:47 INFO  o.a.coyote.http11.Http11NioProtocol - Initializing ProtocolHandler ["http-nio-8080"]
2025-07-14 17:23:47 INFO  o.a.catalina.core.StandardService - Starting service [Tomcat]
2025-07-14 17:23:47 INFO  o.a.catalina.core.StandardEngine - Starting Servlet engine: [Apache Tomcat/10.1.20]
2025-07-14 17:23:47 INFO  o.a.c.c.C.[Tomcat].[localhost].[/] - Initializing Spring embedded WebApplicationContext
2025-07-14 17:23:47 INFO  o.s.b.w.s.c.ServletWebServerApplicationContext - Root WebApplicationContext: initialization completed in 999 ms
2025-07-14 17:23:47 INFO  com.zaxxer.hikari.HikariDataSource - HikariPool-1 - Starting...
2025-07-14 17:23:47 INFO  com.zaxxer.hikari.pool.HikariPool - HikariPool-1 - Added connection conn0: url=jdbc:h2:mem:testdb user=SA
2025-07-14 17:23:47 INFO  com.zaxxer.hikari.HikariDataSource - HikariPool-1 - Start completed.
2025-07-14 17:23:47 INFO  o.s.b.a.h.H2ConsoleAutoConfiguration - H2 console available at '/h2-console'. Database available at 'jdbc:h2:mem:testdb'
2025-07-14 17:23:47 INFO  o.h.jpa.internal.util.LogHelper - HHH000204: Processing PersistenceUnitInfo [name: default]
2025-07-14 17:23:47 INFO  org.hibernate.Version - HHH000412: Hibernate ORM core version 6.4.4.Final
2025-07-14 17:23:47 INFO  o.h.c.i.RegionFactoryInitiator - HHH000026: Second-level cache disabled
2025-07-14 17:23:47 INFO  o.s.o.j.p.SpringPersistenceUnitInfo - No LoadTimeWeaver setup: ignoring JPA class transformer
2025-07-14 17:23:48 INFO  o.h.e.t.j.p.i.JtaPlatformInitiator - HHH000489: No JTA platform available (set 'hibernate.transaction.jta.platform' to enable JTA platform integration)
2025-07-14 17:23:48 INFO  o.s.o.j.LocalContainerEntityManagerFactoryBean - Initialized JPA EntityManagerFactory for persistence unit 'default'
2025-07-14 17:23:49 INFO  o.a.coyote.http11.Http11NioProtocol - Starting ProtocolHandler ["http-nio-8080"]
2025-07-14 17:23:49 INFO  o.s.b.w.e.tomcat.TomcatWebServer - Tomcat started on port 8080 (http) with context path ''
2025-07-14 17:23:49 INFO  c.e.l.LoggingPracticeApplication - Started LoggingPracticeApplication in 3.412 seconds (process running for 3.931)
2025-07-14 17:24:59 INFO  o.a.c.c.C.[Tomcat].[localhost].[/] - Initializing Spring DispatcherServlet 'dispatcherServlet'
2025-07-14 17:24:59 INFO  o.s.web.servlet.DispatcherServlet - Initializing Servlet 'dispatcherServlet'
2025-07-14 17:24:59 INFO  o.s.web.servlet.DispatcherServlet - Completed initialization in 2 ms
2025-07-14 17:25:55 INFO  c.e.l.log.LoggingAspect - Method factorial called with args [10] → returned 3628800
2025-07-14 17:30:45 INFO  o.s.o.j.LocalContainerEntityManagerFactoryBean - Closing JPA EntityManagerFactory for persistence unit 'default'
2025-07-14 17:30:45 INFO  com.zaxxer.hikari.HikariDataSource - HikariPool-1 - Shutdown initiated...
2025-07-14 17:30:45 INFO  com.zaxxer.hikari.HikariDataSource - HikariPool-1 - Shutdown completed.
