2025-07-16 09:54:56 ERROR c.e.fibonacci.log.LoggingAspect - Method fibonacci called with args [-20] → threw exception: [com.example.fibonacci.service.FibonacciService.fibonacci(fibonacciService.java:22), java.base/jdk.internal.reflect.DirectMethodHandleAccessor.invoke(DirectMethodHandleAccessor.java:103), java.base/java.lang.reflect.Method.invoke(Method.java:580), org.springframework.aop.support.AopUtils.invokeJoinpointUsingReflection(AopUtils.java:359), org.springframework.aop.framework.ReflectiveMethodInvocation.invokeJoinpoint(ReflectiveMethodInvocation.java:196), org.springframework.aop.framework.ReflectiveMethodInvocation.proceed(ReflectiveMethodInvocation.java:163), org.springframework.aop.aspectj.AspectJAfterThrowingAdvice.invoke(AspectJAfterThrowingAdvice.java:64), org.springframework.aop.framework.ReflectiveMethodInvocation.proceed(ReflectiveMethodInvocation.java:173), org.springframework.aop.framework.adapter.AfterReturningAdviceInterceptor.invoke(AfterReturningAdviceInterceptor.java:57), org.springframework.aop.framework.ReflectiveMethodInvocation.proceed(ReflectiveMethodInvocation.java:173), org.springframework.aop.interceptor.ExposeInvocationInterceptor.invoke(ExposeInvocationInterceptor.java:97), org.springframework.aop.framework.ReflectiveMethodInvocation.proceed(ReflectiveMethodInvocation.java:184), org.springframework.aop.framework.CglibAopProxy$DynamicAdvisedInterceptor.intercept(CglibAopProxy.java:728), com.example.fibonacci.service.FibonacciService$$SpringCGLIB$$0.fibonacci(<generated>), com.example.fibonacci.controller.FibonacciController.fibonacci(fibonacciController.java:21), java.base/jdk.internal.reflect.DirectMethodHandleAccessor.invoke(DirectMethodHandleAccessor.java:103), java.base/java.lang.reflect.Method.invoke(Method.java:580), org.springframework.web.method.support.InvocableHandlerMethod.doInvoke(InvocableHandlerMethod.java:258), org.springframework.web.method.support.InvocableHandlerMethod.invokeForRequest(InvocableHandlerMethod.java:191), org.springframework.web.servlet.mvc.method.annotation.ServletInvocableHandlerMethod.invokeAndHandle(ServletInvocableHandlerMethod.java:118), org.springframework.web.servlet.mvc.method.annotation.RequestMappingHandlerAdapter.invokeHandlerMethod(RequestMappingHandlerAdapter.java:986), org.springframework.web.servlet.mvc.method.annotation.RequestMappingHandlerAdapter.handleInternal(RequestMappingHandlerAdapter.java:891), org.springframework.web.servlet.mvc.method.AbstractHandlerMethodAdapter.handle(AbstractHandlerMethodAdapter.java:87), org.springframework.web.servlet.DispatcherServlet.doDispatch(DispatcherServlet.java:1089), org.springframework.web.servlet.DispatcherServlet.doService(DispatcherServlet.java:979), org.springframework.web.servlet.FrameworkServlet.processRequest(FrameworkServlet.java:1014), org.springframework.web.servlet.FrameworkServlet.doGet(FrameworkServlet.java:903), jakarta.servlet.http.HttpServlet.service(HttpServlet.java:564), org.springframework.web.servlet.FrameworkServlet.service(FrameworkServlet.java:885), jakarta.servlet.http.HttpServlet.service(HttpServlet.java:658), org.apache.catalina.core.ApplicationFilterChain.internalDoFilter(ApplicationFilterChain.java:195), org.apache.catalina.core.ApplicationFilterChain.doFilter(ApplicationFilterChain.java:140), org.apache.tomcat.websocket.server.WsFilter.doFilter(WsFilter.java:51), org.apache.catalina.core.ApplicationFilterChain.internalDoFilter(ApplicationFilterChain.java:164), org.apache.catalina.core.ApplicationFilterChain.doFilter(ApplicationFilterChain.java:140), org.springframework.web.filter.RequestContextFilter.doFilterInternal(RequestContextFilter.java:100), org.springframework.web.filter.OncePerRequestFilter.doFilter(OncePerRequestFilter.java:116), org.apache.catalina.core.ApplicationFilterChain.internalDoFilter(ApplicationFilterChain.java:164), org.apache.catalina.core.ApplicationFilterChain.doFilter(ApplicationFilterChain.java:140), org.springframework.web.filter.FormContentFilter.doFilterInternal(FormContentFilter.java:93), org.springframework.web.filter.OncePerRequestFilter.doFilter(OncePerRequestFilter.java:116), org.apache.catalina.core.ApplicationFilterChain.internalDoFilter(ApplicationFilterChain.java:164), org.apache.catalina.core.ApplicationFilterChain.doFilter(ApplicationFilterChain.java:140), org.springframework.web.filter.CharacterEncodingFilter.doFilterInternal(CharacterEncodingFilter.java:201), org.springframework.web.filter.OncePerRequestFilter.doFilter(OncePerRequestFilter.java:116), org.apache.catalina.core.ApplicationFilterChain.internalDoFilter(ApplicationFilterChain.java:164), org.apache.catalina.core.ApplicationFilterChain.doFilter(ApplicationFilterChain.java:140), org.apache.catalina.core.StandardWrapperValve.invoke(StandardWrapperValve.java:167), org.apache.catalina.core.StandardContextValve.invoke(StandardContextValve.java:90), org.apache.catalina.authenticator.AuthenticatorBase.invoke(AuthenticatorBase.java:483), org.apache.catalina.core.StandardHostValve.invoke(StandardHostValve.java:116), org.apache.catalina.valves.ErrorReportValve.invoke(ErrorReportValve.java:93), org.apache.catalina.core.StandardEngineValve.invoke(StandardEngineValve.java:74), org.apache.catalina.connector.CoyoteAdapter.service(CoyoteAdapter.java:344), org.apache.coyote.http11.Http11Processor.service(Http11Processor.java:398), org.apache.coyote.AbstractProcessorLight.process(AbstractProcessorLight.java:63), org.apache.coyote.AbstractProtocol$ConnectionHandler.process(AbstractProtocol.java:903), org.apache.tomcat.util.net.NioEndpoint$SocketProcessor.doRun(NioEndpoint.java:1769), org.apache.tomcat.util.net.SocketProcessorBase.run(SocketProcessorBase.java:52), org.apache.tomcat.util.threads.ThreadPoolExecutor.runWorker(ThreadPoolExecutor.java:1189), org.apache.tomcat.util.threads.ThreadPoolExecutor$Worker.run(ThreadPoolExecutor.java:658), org.apache.tomcat.util.threads.TaskThread$WrappingRunnable.run(TaskThread.java:63), java.base/java.lang.Thread.run(Thread.java:1583)]
2025-07-16 09:57:12 ERROR c.e.fibonacci.log.LoggingAspect - Method fibonacci called with args [-20] → threw exception: Invalid input
2025-07-16 10:02:18 ERROR c.e.fibonacci.log.LoggingAspect - Method fibonacci called with args [-20] → threw exception: Index cannot be negative
2025-07-16 10:02:28 ERROR c.e.fibonacci.log.LoggingAspect - Method fibonacci called with args [sas] → threw exception: Input must be a valid integer.
2025-07-16 10:12:12 ERROR c.e.fibonacci.log.LoggingAspect - Method fibonacci called with args [sss'] → threw exception: Input must be a valid integer.
2025-07-16 10:12:20 ERROR c.e.fibonacci.log.LoggingAspect - Method fibonacci called with args [-50] → threw exception: Index cannot be negative
2025-07-16 10:12:33 ERROR c.e.fibonacci.log.LoggingAspect - Method fibonacci called with args [30] → threw exception: Recursive update
2025-07-16 10:12:42 ERROR c.e.fibonacci.log.LoggingAspect - Method fibonacci called with args [20] → threw exception: Recursive update
2025-07-16 10:13:41 ERROR c.e.fibonacci.log.LoggingAspect - Method fibonacci called with args [200] → threw exception: Recursive update
2025-07-16 10:13:44 ERROR c.e.fibonacci.log.LoggingAspect - Method fibonacci called with args [200] → threw exception: Recursive update
2025-07-16 10:13:47 ERROR c.e.fibonacci.log.LoggingAspect - Method fibonacci called with args [200] → threw exception: Recursive update
2025-07-16 10:13:58 ERROR c.e.fibonacci.log.LoggingAspect - Method fibonacci called with args [200] → threw exception: Recursive update
2025-07-16 10:14:08 ERROR c.e.fibonacci.log.LoggingAspect - Method fibonacci called with args [200] → threw exception: Recursive update
2025-07-16 10:16:24 ERROR c.e.fibonacci.log.LoggingAspect - Method fibonacci called with args [300] → threw exception: Recursive update
2025-07-16 10:16:31 ERROR c.e.fibonacci.log.LoggingAspect - Method fibonacci called with args [240] → threw exception: Recursive update
2025-07-16 10:16:45 ERROR c.e.fibonacci.log.LoggingAspect - Method fibonacci called with args [300] → threw exception: Recursive update
2025-07-16 10:18:11 ERROR c.e.fibonacci.log.LoggingAspect - Method fibonacci called with args [300] → threw exception: Recursive update
2025-07-16 10:18:22 ERROR c.e.fibonacci.log.LoggingAspect - Method fibonacci called with args [300] → threw exception: Recursive update
2025-07-16 10:18:32 ERROR c.e.fibonacci.log.LoggingAspect - Method fibonacci called with args [400] → threw exception: Recursive update
2025-07-16 10:25:50 ERROR c.e.fibonacci.log.LoggingAspect - Method fibonacci called with args [300] → threw exception: Recursive update
2025-07-16 10:25:53 ERROR c.e.fibonacci.log.LoggingAspect - Method fibonacci called with args [300] → threw exception: Recursive update
2025-07-16 10:25:59 ERROR c.e.fibonacci.log.LoggingAspect - Method fibonacci called with args [100] → threw exception: Recursive update
2025-07-16 10:26:09 ERROR c.e.fibonacci.log.LoggingAspect - Method fibonacci called with args [100] → threw exception: Recursive update
2025-07-16 10:26:10 ERROR c.e.fibonacci.log.LoggingAspect - Method fibonacci called with args [100] → threw exception: Recursive update
2025-07-16 10:26:12 ERROR c.e.fibonacci.log.LoggingAspect - Method fibonacci called with args [50] → threw exception: Recursive update
2025-07-16 10:26:15 ERROR c.e.fibonacci.log.LoggingAspect - Method fibonacci called with args [20] → threw exception: Recursive update
2025-07-16 10:26:34 ERROR c.e.fibonacci.log.LoggingAspect - Method fibonacci called with args [50] → threw exception: Recursive update
2025-07-16 10:26:38 ERROR c.e.fibonacci.log.LoggingAspect - Method fibonacci called with args [60] → threw exception: Recursive update
2025-07-16 10:27:48 ERROR c.e.fibonacci.log.LoggingAspect - Method fibonacci called with args [60] → threw exception: Recursive update
2025-07-16 10:27:50 ERROR c.e.fibonacci.log.LoggingAspect - Method fibonacci called with args [60] → threw exception: Recursive update
2025-07-16 10:27:51 ERROR c.e.fibonacci.log.LoggingAspect - Method fibonacci called with args [60] → threw exception: Recursive update
2025-07-16 10:27:55 ERROR c.e.fibonacci.log.LoggingAspect - Method fibonacci called with args [50] → threw exception: Recursive update
2025-07-16 10:27:56 ERROR c.e.fibonacci.log.LoggingAspect - Method fibonacci called with args [50] → threw exception: Recursive update
2025-07-16 10:27:59 ERROR c.e.fibonacci.log.LoggingAspect - Method fibonacci called with args [20] → threw exception: Recursive update
2025-07-16 10:28:00 ERROR c.e.fibonacci.log.LoggingAspect - Method fibonacci called with args [20] → threw exception: Recursive update
2025-07-16 10:28:04 ERROR c.e.fibonacci.log.LoggingAspect - Method fibonacci called with args [20] → threw exception: Recursive update
2025-07-16 10:28:10 ERROR c.e.fibonacci.log.LoggingAspect - Method fibonacci called with args [50] → threw exception: Recursive update
2025-07-16 10:28:13 ERROR c.e.fibonacci.log.LoggingAspect - Method fibonacci called with args [100] → threw exception: Recursive update
2025-07-16 10:28:14 ERROR c.e.fibonacci.log.LoggingAspect - Method fibonacci called with args [100] → threw exception: Recursive update
2025-07-16 10:28:16 ERROR c.e.fibonacci.log.LoggingAspect - Method fibonacci called with args [100] → threw exception: Recursive update
2025-07-16 10:28:26 ERROR c.e.fibonacci.log.LoggingAspect - Method fibonacci called with args [200] → threw exception: Recursive update
2025-07-16 10:28:27 ERROR c.e.fibonacci.log.LoggingAspect - Method fibonacci called with args [200] → threw exception: Recursive update
2025-07-16 10:28:33 ERROR c.e.fibonacci.log.LoggingAspect - Method fibonacci called with args [250] → threw exception: Recursive update
2025-07-16 10:28:43 ERROR c.e.fibonacci.log.LoggingAspect - Method fibonacci called with args [200] → threw exception: Recursive update
2025-07-16 10:28:43 ERROR c.e.fibonacci.log.LoggingAspect - Method fibonacci called with args [200] → threw exception: Recursive update
2025-07-16 10:29:59 ERROR c.e.fibonacci.log.LoggingAspect - Method fibonacci called with args [30] → threw exception: Recursive update
2025-07-16 10:30:03 ERROR c.e.fibonacci.log.LoggingAspect - Method fibonacci called with args [50] → threw exception: Recursive update
2025-07-16 10:30:06 ERROR c.e.fibonacci.log.LoggingAspect - Method fibonacci called with args [20] → threw exception: Recursive update
2025-07-16 10:30:20 ERROR c.e.fibonacci.log.LoggingAspect - Method fibonacci called with args [50] → threw exception: Recursive update
2025-07-16 10:30:20 ERROR c.e.fibonacci.log.LoggingAspect - Method fibonacci called with args [50] → threw exception: Recursive update
2025-07-16 10:30:30 ERROR c.e.fibonacci.log.LoggingAspect - Method fibonacci called with args [40] → threw exception: Recursive update
2025-07-16 10:30:32 ERROR c.e.fibonacci.log.LoggingAspect - Method fibonacci called with args [30] → threw exception: Recursive update
2025-07-16 10:30:32 ERROR c.e.fibonacci.log.LoggingAspect - Method fibonacci called with args [30] → threw exception: Recursive update
2025-07-16 10:30:35 ERROR c.e.fibonacci.log.LoggingAspect - Method fibonacci called with args [20] → threw exception: Recursive update
2025-07-16 10:30:37 ERROR c.e.fibonacci.log.LoggingAspect - Method fibonacci called with args [50] → threw exception: Recursive update
2025-07-16 10:30:53 ERROR c.e.fibonacci.log.LoggingAspect - Method fibonacci called with args [120] → threw exception: Recursive update
2025-07-16 10:32:31 ERROR c.e.fibonacci.log.LoggingAspect - Method fibonacci called with args [90] → threw exception: Recursive update
2025-07-16 10:32:33 ERROR c.e.fibonacci.log.LoggingAspect - Method fibonacci called with args [50] → threw exception: Recursive update
2025-07-16 10:32:33 ERROR c.e.fibonacci.log.LoggingAspect - Method fibonacci called with args [50] → threw exception: Recursive update
2025-07-16 10:32:35 ERROR c.e.fibonacci.log.LoggingAspect - Method fibonacci called with args [30] → threw exception: Recursive update
2025-07-16 10:32:35 ERROR c.e.fibonacci.log.LoggingAspect - Method fibonacci called with args [30] → threw exception: Recursive update
2025-07-16 10:32:39 ERROR c.e.fibonacci.log.LoggingAspect - Method fibonacci called with args [20] → threw exception: Recursive update
2025-07-16 10:32:40 ERROR c.e.fibonacci.log.LoggingAspect - Method fibonacci called with args [20] → threw exception: Recursive update
2025-07-16 10:38:07 ERROR c.e.fibonacci.log.LoggingAspect - Method fibonacci called with args [30] → threw exception: Recursive update
2025-07-16 10:38:08 ERROR c.e.fibonacci.log.LoggingAspect - Method fibonacci called with args [300] → threw exception: Recursive update
2025-07-16 10:38:08 ERROR c.e.fibonacci.log.LoggingAspect - Method fibonacci called with args [300] → threw exception: Recursive update
2025-07-16 10:38:14 ERROR c.e.fibonacci.log.LoggingAspect - Method fibonacci called with args [50] → threw exception: Recursive update
2025-07-16 10:38:15 ERROR c.e.fibonacci.log.LoggingAspect - Method fibonacci called with args [500] → threw exception: Recursive update
2025-07-16 10:38:17 ERROR c.e.fibonacci.log.LoggingAspect - Method fibonacci called with args [100] → threw exception: Recursive update
2025-07-16 10:38:18 ERROR c.e.fibonacci.log.LoggingAspect - Method fibonacci called with args [100] → threw exception: Recursive update
2025-07-16 10:38:20 ERROR c.e.fibonacci.log.LoggingAspect - Method fibonacci called with args [50] → threw exception: Recursive update
2025-07-16 10:38:21 ERROR c.e.fibonacci.log.LoggingAspect - Method fibonacci called with args [50] → threw exception: Recursive update
2025-07-16 10:38:23 ERROR c.e.fibonacci.log.LoggingAspect - Method fibonacci called with args [30] → threw exception: Recursive update
2025-07-16 10:38:24 ERROR c.e.fibonacci.log.LoggingAspect - Method fibonacci called with args [30] → threw exception: Recursive update
2025-07-16 10:38:27 ERROR c.e.fibonacci.log.LoggingAspect - Method fibonacci called with args [20] → threw exception: Recursive update
2025-07-16 10:38:32 ERROR c.e.fibonacci.log.LoggingAspect - Method fibonacci called with args [50] → threw exception: Recursive update
2025-07-16 10:38:35 ERROR c.e.fibonacci.log.LoggingAspect - Method fibonacci called with args [100] → threw exception: Recursive update
2025-07-16 10:38:40 ERROR c.e.fibonacci.log.LoggingAspect - Method fibonacci called with args [100] → threw exception: Recursive update
2025-07-16 10:38:40 ERROR c.e.fibonacci.log.LoggingAspect - Method fibonacci called with args [100] → threw exception: Recursive update
2025-07-16 12:20:26 ERROR c.e.fibonacci.log.LoggingAspect - Method fibonacci called with args [sas] → threw exception: Input must be a valid integer.
2025-07-16 12:20:33 ERROR c.e.fibonacci.log.LoggingAspect - Method fibonacci called with args [-20] → threw exception: Index cannot be negative
2025-07-16 12:37:52 ERROR c.e.fibonacci.log.LoggingAspect - Method fibonacci called with args [sas] → threw exception: Input must be a valid integer.
2025-07-16 13:51:49 ERROR c.e.fibonacci.log.LoggingAspect - Method fibonacci called with args [sas] → threw exception: Input must be a valid integer.
